<?xml version="1.0" encoding="UTF-8"?>
<!-- Generated by org.testng.reporters.JUnitReportReporter -->
<testsuite hostname="DESKTOP-6V7A636" failures="0" tests="1" name="TestCases.TC_0001_TextBox" time="28.331" errors="0" timestamp="2022-11-07T19:27:42 CAST" skipped="0">
  <testcase classname="TestCases.TC_0001_TextBox" name="TextBoxTest" time="28.331"/>
  <system-out/>
</testsuite> <!-- TestCases.TC_0001_TextBox -->
