<?xml version="1.0" encoding="UTF-8"?>
<!-- Generated by org.testng.reporters.JUnitReportReporter -->
<testsuite hostname="DESKTOP-6V7A636" failures="0" tests="2" name="TestCases.TC_0007_Links_Api" time="4.277" errors="0" timestamp="2022-11-09T18:49:32 CAST" skipped="0">
  <testcase classname="TestCases.TC_0007_Links_Api" name="ApiCallsTest" time="0.841"/>
  <system-out/>
  <testcase classname="TestCases.TC_0007_Links_Api" name="ApiCallsTest" time="3.436"/>
  <system-out/>
</testsuite> <!-- TestCases.TC_0007_Links_Api -->
