<?xml version="1.0" encoding="UTF-8"?>
<!-- Generated by org.testng.reporters.JUnitReportReporter -->
<testsuite hostname="DESKTOP-6V7A636" failures="0" tests="1" name="TestCases.TC_0001_TextBox" time="15.803" errors="0" timestamp="2022-11-09T18:49:32 CAST" skipped="0">
  <testcase classname="TestCases.TC_0001_TextBox" name="TextBoxTest" time="15.803"/>
  <system-out/>
</testsuite> <!-- TestCases.TC_0001_TextBox -->
