<?xml version="1.0" encoding="UTF-8"?>
<!-- Generated by org.testng.reporters.JUnitReportReporter -->
<testsuite hostname="DESKTOP-6V7A636" failures="0" tests="3" name="TestCases.TC_0004_WebTable" time="41.585" errors="0" timestamp="2022-11-09T18:49:32 CAST" skipped="0">
  <testcase classname="TestCases.TC_0004_WebTable" name="addNewUserTest" time="14.145"/>
  <system-out/>
  <testcase classname="TestCases.TC_0004_WebTable" name="searchTest" time="12.880"/>
  <system-out/>
  <testcase classname="TestCases.TC_0004_WebTable" name="sortTest" time="14.560"/>
  <system-out/>
</testsuite> <!-- TestCases.TC_0004_WebTable -->
