<?xml version="1.0" encoding="UTF-8"?>
<!-- Generated by org.testng.reporters.JUnitReportReporter -->
<testsuite hostname="DESKTOP-6V7A636" failures="0" tests="3" name="TestCases.TC_0003_RadioButtons" time="45.213" errors="0" timestamp="2022-11-09T18:49:32 CAST" skipped="0">
  <testcase classname="TestCases.TC_0003_RadioButtons" name="radioButtonsTest" time="14.715"/>
  <system-out/>
  <testcase classname="TestCases.TC_0003_RadioButtons" name="radioButtonsTest" time="17.940"/>
  <system-out/>
  <testcase classname="TestCases.TC_0003_RadioButtons" name="radioButtonsTest" time="12.558"/>
  <system-out/>
</testsuite> <!-- TestCases.TC_0003_RadioButtons -->
